<?xml version="1.0" encoding="UTF-8"?>
<!-- Generated by org.testng.reporters.JUnitXMLReporter -->
<testsuite hostname="LAPTOP-JUSF2G5B" ignored="0" name="Mercury Tours" tests="5" failures="0" timestamp="06 May 2020 19:38:29 GMT" time="24.044" errors="0">
  <testcase name="validateDataEntry" time="4.131" classname="testMercuryToursScripts.testRegister"/>
  <testcase name="validateElementPresent" time="2.231" classname="testMercuryToursScripts.testSignOn"/>
  <testcase name="validateSignOnNegative" time="3.791" classname="testMercuryToursScripts.testSignOn"/>
  <testcase name="validateUrl" time="0.009" classname="testMercuryToursScripts.testRegister"/>
  <testcase name="validateSubmitButtonPresent" time="0.018" classname="testMercuryToursScripts.testRegister"/>
</testsuite> <!-- Mercury Tours -->
