<?xml version="1.0" encoding="UTF-8"?>
<!-- Generated by org.testng.reporters.JUnitXMLReporter -->
<testsuite hostname="LAPTOP-JUSF2G5B" ignored="0" name="Mercury Tours" tests="5" failures="0" timestamp="06 May 2020 17:08:03 GMT" time="26.609" errors="0">
  <testcase name="validateDataEntry" time="3.989" classname="testMercuryToursScripts.testRegister"/>
  <testcase name="validateElementPresent" time="2.168" classname="testMercuryToursScripts.testSignOn"/>
  <testcase name="validateSignOnNegative" time="4.229" classname="testMercuryToursScripts.testSignOn"/>
  <testcase name="validateUrl" time="0.027" classname="testMercuryToursScripts.testRegister"/>
  <testcase name="validateSubmitButtonPresent" time="0.111" classname="testMercuryToursScripts.testRegister"/>
</testsuite> <!-- Mercury Tours -->
