<?xml version="1.0" encoding="UTF-8"?>
<!-- Generated by org.testng.reporters.JUnitXMLReporter -->
<testsuite hostname="LAPTOP-JUSF2G5B" ignored="0" name="Mercury Tours" tests="3" failures="0" timestamp="06 May 2020 19:38:39 GMT" time="10.464" errors="0">
  <testcase name="validateDataEntry" time="3.965" classname="testMercuryToursScripts.testRegister"/>
  <testcase name="validateUrl" time="0.008" classname="testMercuryToursScripts.testRegister"/>
  <testcase name="validateSubmitButtonPresent" time="0.016" classname="testMercuryToursScripts.testRegister"/>
</testsuite> <!-- Mercury Tours -->
