<?xml version="1.0" encoding="UTF-8"?>
<testng-results skipped="0" failed="0" ignored="0" total="5" passed="5">
  <reporter-output>
    <line>
      <![CDATA[Verifying user name textbox is present]]>
    </line>
    <line>
      <![CDATA[Entering Michel in the user name textbox]]>
    </line>
    <line>
      <![CDATA[Verifying password textbox is present]]>
    </line>
    <line>
      <![CDATA[Entering sdde22 in the password textbox]]>
    </line>
    <line>
      <![CDATA[Verifying submit button is present]]>
    </line>
    <line>
      <![CDATA[Clear text in the user name textbox]]>
    </line>
    <line>
      <![CDATA[Entering Rechard in the user name textbox]]>
    </line>
    <line>
      <![CDATA[Clear text in the password textbox]]>
    </line>
    <line>
      <![CDATA[Entering mn980 in the password textbox]]>
    </line>
    <line>
      <![CDATA[Click on submit button]]>
    </line>
    <line>
      <![CDATA[Read current url of the page]]>
    </line>
    <line>
      <![CDATA[Then compare the actual url with expected url]]>
    </line>
  </reporter-output>
  <suite name="Regression Test" duration-ms="26609" started-at="2020-05-06T17:07:37Z" finished-at="2020-05-06T17:08:03Z">
    <groups>
    </groups>
    <test name="Mercury Tours" duration-ms="26609" started-at="2020-05-06T17:07:37Z" finished-at="2020-05-06T17:08:03Z">
      <class name="testMercuryToursScripts.testSignOn">
        <test-method status="PASS" signature="validateElementPresent()[pri:0, instance:testMercuryToursScripts.testSignOn@3cda1055]" name="validateElementPresent" duration-ms="2168" started-at="2020-05-06T13:07:54Z" finished-at="2020-05-06T13:07:56Z">
          <reporter-output>
            <line>
              <![CDATA[Verifying user name textbox is present]]>
            </line>
            <line>
              <![CDATA[Entering Michel in the user name textbox]]>
            </line>
            <line>
              <![CDATA[Verifying password textbox is present]]>
            </line>
            <line>
              <![CDATA[Entering sdde22 in the password textbox]]>
            </line>
            <line>
              <![CDATA[Verifying submit button is present]]>
            </line>
          </reporter-output>
        </test-method> <!-- validateElementPresent -->
        <test-method status="PASS" signature="validateSignOnNegative()[pri:0, instance:testMercuryToursScripts.testSignOn@3cda1055]" name="validateSignOnNegative" duration-ms="4229" started-at="2020-05-06T13:07:56Z" depends-on-methods="testMercuryToursScripts.testSignOn.validateElementPresent" finished-at="2020-05-06T13:08:01Z">
          <reporter-output>
            <line>
              <![CDATA[Clear text in the user name textbox]]>
            </line>
            <line>
              <![CDATA[Entering Rechard in the user name textbox]]>
            </line>
            <line>
              <![CDATA[Clear text in the password textbox]]>
            </line>
            <line>
              <![CDATA[Entering mn980 in the password textbox]]>
            </line>
            <line>
              <![CDATA[Click on submit button]]>
            </line>
            <line>
              <![CDATA[Read current url of the page]]>
            </line>
            <line>
              <![CDATA[Then compare the actual url with expected url]]>
            </line>
          </reporter-output>
        </test-method> <!-- validateSignOnNegative -->
      </class> <!-- testMercuryToursScripts.testSignOn -->
      <class name="testMercuryToursScripts.testRegister">
        <test-method status="PASS" signature="beforeTest()[pri:0, instance:testMercuryToursScripts.testRegister@668bc3d5]" name="beforeTest" is-config="true" duration-ms="6633" started-at="2020-05-06T13:07:37Z" finished-at="2020-05-06T13:07:43Z">
          <reporter-output>
          </reporter-output>
        </test-method> <!-- beforeTest -->
        <test-method status="PASS" signature="beforeTest()[pri:0, instance:testMercuryToursScripts.testSignOn@3cda1055]" name="beforeTest" is-config="true" duration-ms="7097" started-at="2020-05-06T13:07:43Z" finished-at="2020-05-06T13:07:50Z">
          <reporter-output>
          </reporter-output>
        </test-method> <!-- beforeTest -->
        <test-method status="PASS" signature="validateDataEntry()[pri:0, instance:testMercuryToursScripts.testRegister@668bc3d5]" name="validateDataEntry" duration-ms="3989" started-at="2020-05-06T13:07:50Z" finished-at="2020-05-06T13:07:54Z">
          <reporter-output>
          </reporter-output>
        </test-method> <!-- validateDataEntry -->
        <test-method status="PASS" signature="validateUrl()[pri:1, instance:testMercuryToursScripts.testRegister@668bc3d5]" name="validateUrl" duration-ms="27" started-at="2020-05-06T13:08:01Z" depends-on-methods="testMercuryToursScripts.testRegister.validateDataEntry" finished-at="2020-05-06T13:08:01Z">
          <reporter-output>
          </reporter-output>
        </test-method> <!-- validateUrl -->
        <test-method status="PASS" signature="validateSubmitButtonPresent()[pri:2, instance:testMercuryToursScripts.testRegister@668bc3d5]" name="validateSubmitButtonPresent" duration-ms="111" started-at="2020-05-06T13:08:01Z" depends-on-methods="testMercuryToursScripts.testRegister.validateDataEntry" finished-at="2020-05-06T13:08:01Z">
          <reporter-output>
          </reporter-output>
        </test-method> <!-- validateSubmitButtonPresent -->
        <test-method status="PASS" signature="afterTest()[pri:0, instance:testMercuryToursScripts.testRegister@668bc3d5]" name="afterTest" is-config="true" duration-ms="1406" started-at="2020-05-06T13:08:01Z" finished-at="2020-05-06T13:08:02Z">
          <reporter-output>
          </reporter-output>
        </test-method> <!-- afterTest -->
        <test-method status="PASS" signature="afterTest()[pri:0, instance:testMercuryToursScripts.testSignOn@3cda1055]" name="afterTest" is-config="true" duration-ms="929" started-at="2020-05-06T13:08:02Z" finished-at="2020-05-06T13:08:03Z">
          <reporter-output>
          </reporter-output>
        </test-method> <!-- afterTest -->
      </class> <!-- testMercuryToursScripts.testRegister -->
    </test> <!-- Mercury Tours -->
  </suite> <!-- Regression Test -->
</testng-results>
