<?xml version="1.0" encoding="UTF-8"?>
<testng-results skipped="0" failed="0" ignored="0" total="8" passed="8">
  <reporter-output>
    <line>
      <![CDATA[Verifying user name textbox is present]]>
    </line>
    <line>
      <![CDATA[Entering Michel in the user name textbox]]>
    </line>
    <line>
      <![CDATA[Verifying password textbox is present]]>
    </line>
    <line>
      <![CDATA[Entering sdde22 in the password textbox]]>
    </line>
    <line>
      <![CDATA[Verifying submit button is present]]>
    </line>
    <line>
      <![CDATA[Clear text in the user name textbox]]>
    </line>
    <line>
      <![CDATA[Entering Rechard in the user name textbox]]>
    </line>
    <line>
      <![CDATA[Clear text in the password textbox]]>
    </line>
    <line>
      <![CDATA[Entering mn980 in the password textbox]]>
    </line>
    <line>
      <![CDATA[Click on submit button]]>
    </line>
    <line>
      <![CDATA[Read current url of the page]]>
    </line>
    <line>
      <![CDATA[Then compare the actual url with expected url]]>
    </line>
  </reporter-output>
  <suite name="Regression Test" duration-ms="24044" started-at="2020-05-06T19:38:05Z" finished-at="2020-05-06T19:38:29Z">
    <groups>
    </groups>
    <test name="Mercury Tours" duration-ms="24044" started-at="2020-05-06T19:38:05Z" finished-at="2020-05-06T19:38:29Z">
      <class name="testMercuryToursScripts.testSignOn">
        <test-method status="PASS" signature="validateElementPresent()[pri:0, instance:testMercuryToursScripts.testSignOn@3cda1055]" name="validateElementPresent" duration-ms="2231" started-at="2020-05-06T15:38:21Z" finished-at="2020-05-06T15:38:23Z">
          <reporter-output>
            <line>
              <![CDATA[Verifying user name textbox is present]]>
            </line>
            <line>
              <![CDATA[Entering Michel in the user name textbox]]>
            </line>
            <line>
              <![CDATA[Verifying password textbox is present]]>
            </line>
            <line>
              <![CDATA[Entering sdde22 in the password textbox]]>
            </line>
            <line>
              <![CDATA[Verifying submit button is present]]>
            </line>
          </reporter-output>
        </test-method> <!-- validateElementPresent -->
        <test-method status="PASS" signature="validateSignOnNegative()[pri:0, instance:testMercuryToursScripts.testSignOn@3cda1055]" name="validateSignOnNegative" duration-ms="3791" started-at="2020-05-06T15:38:23Z" depends-on-methods="testMercuryToursScripts.testSignOn.validateElementPresent" finished-at="2020-05-06T15:38:27Z">
          <reporter-output>
            <line>
              <![CDATA[Clear text in the user name textbox]]>
            </line>
            <line>
              <![CDATA[Entering Rechard in the user name textbox]]>
            </line>
            <line>
              <![CDATA[Clear text in the password textbox]]>
            </line>
            <line>
              <![CDATA[Entering mn980 in the password textbox]]>
            </line>
            <line>
              <![CDATA[Click on submit button]]>
            </line>
            <line>
              <![CDATA[Read current url of the page]]>
            </line>
            <line>
              <![CDATA[Then compare the actual url with expected url]]>
            </line>
          </reporter-output>
        </test-method> <!-- validateSignOnNegative -->
      </class> <!-- testMercuryToursScripts.testSignOn -->
      <class name="testMercuryToursScripts.testRegister">
        <test-method status="PASS" signature="beforeTest()[pri:0, instance:testMercuryToursScripts.testRegister@668bc3d5]" name="beforeTest" is-config="true" duration-ms="6538" started-at="2020-05-06T15:38:05Z" finished-at="2020-05-06T15:38:11Z">
          <reporter-output>
          </reporter-output>
        </test-method> <!-- beforeTest -->
        <test-method status="PASS" signature="beforeTest()[pri:0, instance:testMercuryToursScripts.testSignOn@3cda1055]" name="beforeTest" is-config="true" duration-ms="5580" started-at="2020-05-06T15:38:11Z" finished-at="2020-05-06T15:38:17Z">
          <reporter-output>
          </reporter-output>
        </test-method> <!-- beforeTest -->
        <test-method status="PASS" signature="validateDataEntry()[pri:0, instance:testMercuryToursScripts.testRegister@668bc3d5]" name="validateDataEntry" duration-ms="4131" started-at="2020-05-06T15:38:17Z" finished-at="2020-05-06T15:38:21Z">
          <reporter-output>
          </reporter-output>
        </test-method> <!-- validateDataEntry -->
        <test-method status="PASS" signature="validateUrl()[pri:1, instance:testMercuryToursScripts.testRegister@668bc3d5]" name="validateUrl" duration-ms="9" started-at="2020-05-06T15:38:27Z" depends-on-methods="testMercuryToursScripts.testRegister.validateDataEntry" finished-at="2020-05-06T15:38:27Z">
          <reporter-output>
          </reporter-output>
        </test-method> <!-- validateUrl -->
        <test-method status="PASS" signature="validateSubmitButtonPresent()[pri:2, instance:testMercuryToursScripts.testRegister@668bc3d5]" name="validateSubmitButtonPresent" duration-ms="18" started-at="2020-05-06T15:38:27Z" depends-on-methods="testMercuryToursScripts.testRegister.validateDataEntry" finished-at="2020-05-06T15:38:27Z">
          <reporter-output>
          </reporter-output>
        </test-method> <!-- validateSubmitButtonPresent -->
        <test-method status="PASS" signature="afterTest()[pri:0, instance:testMercuryToursScripts.testRegister@668bc3d5]" name="afterTest" is-config="true" duration-ms="900" started-at="2020-05-06T15:38:27Z" finished-at="2020-05-06T15:38:28Z">
          <reporter-output>
          </reporter-output>
        </test-method> <!-- afterTest -->
        <test-method status="PASS" signature="afterTest()[pri:0, instance:testMercuryToursScripts.testSignOn@3cda1055]" name="afterTest" is-config="true" duration-ms="828" started-at="2020-05-06T15:38:28Z" finished-at="2020-05-06T15:38:29Z">
          <reporter-output>
          </reporter-output>
        </test-method> <!-- afterTest -->
      </class> <!-- testMercuryToursScripts.testRegister -->
    </test> <!-- Mercury Tours -->
  </suite> <!-- Regression Test -->
  <suite name="Regression Test (0)" duration-ms="10464" started-at="2020-05-06T19:38:29Z" finished-at="2020-05-06T19:38:39Z">
    <groups>
    </groups>
    <test name="Mercury Tours" duration-ms="10464" started-at="2020-05-06T19:38:29Z" finished-at="2020-05-06T19:38:39Z">
      <class name="testMercuryToursScripts.testRegister">
        <test-method status="PASS" signature="beforeTest()[pri:0, instance:testMercuryToursScripts.testRegister@2ef9b8bc]" name="beforeTest" is-config="true" duration-ms="5677" started-at="2020-05-06T15:38:29Z" finished-at="2020-05-06T15:38:35Z">
          <reporter-output>
          </reporter-output>
        </test-method> <!-- beforeTest -->
        <test-method status="PASS" signature="validateDataEntry()[pri:0, instance:testMercuryToursScripts.testRegister@2ef9b8bc]" name="validateDataEntry" duration-ms="3965" started-at="2020-05-06T15:38:35Z" finished-at="2020-05-06T15:38:39Z">
          <reporter-output>
          </reporter-output>
        </test-method> <!-- validateDataEntry -->
        <test-method status="PASS" signature="validateUrl()[pri:1, instance:testMercuryToursScripts.testRegister@2ef9b8bc]" name="validateUrl" duration-ms="8" started-at="2020-05-06T15:38:39Z" depends-on-methods="testMercuryToursScripts.testRegister.validateDataEntry" finished-at="2020-05-06T15:38:39Z">
          <reporter-output>
          </reporter-output>
        </test-method> <!-- validateUrl -->
        <test-method status="PASS" signature="validateSubmitButtonPresent()[pri:2, instance:testMercuryToursScripts.testRegister@2ef9b8bc]" name="validateSubmitButtonPresent" duration-ms="16" started-at="2020-05-06T15:38:39Z" depends-on-methods="testMercuryToursScripts.testRegister.validateDataEntry" finished-at="2020-05-06T15:38:39Z">
          <reporter-output>
          </reporter-output>
        </test-method> <!-- validateSubmitButtonPresent -->
        <test-method status="PASS" signature="afterTest()[pri:0, instance:testMercuryToursScripts.testRegister@2ef9b8bc]" name="afterTest" is-config="true" duration-ms="798" started-at="2020-05-06T15:38:39Z" finished-at="2020-05-06T15:38:39Z">
          <reporter-output>
          </reporter-output>
        </test-method> <!-- afterTest -->
      </class> <!-- testMercuryToursScripts.testRegister -->
    </test> <!-- Mercury Tours -->
  </suite> <!-- Regression Test (0) -->
</testng-results>
