<?xml version="1.0" encoding="UTF-8"?>
<testng-results skipped="0" failed="0" ignored="0" total="2" passed="2">
  <reporter-output>
    <line>
      <![CDATA[Verifying user name textbox is present]]>
    </line>
    <line>
      <![CDATA[Entering Michel in the user name textbox]]>
    </line>
    <line>
      <![CDATA[Verifying password textbox is present]]>
    </line>
    <line>
      <![CDATA[Entering sdde22 in the password textbox]]>
    </line>
    <line>
      <![CDATA[Verifying submit button is present]]>
    </line>
    <line>
      <![CDATA[Clear text in the user name textbox]]>
    </line>
    <line>
      <![CDATA[Entering Rechard in the user name textbox]]>
    </line>
    <line>
      <![CDATA[Clear text in the password textbox]]>
    </line>
    <line>
      <![CDATA[Entering mn980 in the password textbox]]>
    </line>
    <line>
      <![CDATA[Click on submit button]]>
    </line>
    <line>
      <![CDATA[Read current url of the page]]>
    </line>
    <line>
      <![CDATA[Then compare the actual url with expected url]]>
    </line>
  </reporter-output>
  <suite name="Default suite" duration-ms="15017" started-at="2020-05-05T23:02:49Z" finished-at="2020-05-05T23:03:04Z">
    <groups>
    </groups>
    <test name="Default test" duration-ms="15017" started-at="2020-05-05T23:02:49Z" finished-at="2020-05-05T23:03:04Z">
      <class name="testMercuryToursScripts.testSignOn">
        <test-method status="PASS" signature="beforeTest()[pri:0, instance:testMercuryToursScripts.testSignOn@7f77e91b]" name="beforeTest" is-config="true" duration-ms="7146" started-at="2020-05-05T19:02:49Z" finished-at="2020-05-05T19:02:56Z">
          <reporter-output>
          </reporter-output>
        </test-method> <!-- beforeTest -->
        <test-method status="PASS" signature="validateElementPresent()[pri:0, instance:testMercuryToursScripts.testSignOn@7f77e91b]" name="validateElementPresent" duration-ms="2372" started-at="2020-05-05T19:02:56Z" finished-at="2020-05-05T19:02:58Z">
          <reporter-output>
            <line>
              <![CDATA[Verifying user name textbox is present]]>
            </line>
            <line>
              <![CDATA[Entering Michel in the user name textbox]]>
            </line>
            <line>
              <![CDATA[Verifying password textbox is present]]>
            </line>
            <line>
              <![CDATA[Entering sdde22 in the password textbox]]>
            </line>
            <line>
              <![CDATA[Verifying submit button is present]]>
            </line>
          </reporter-output>
        </test-method> <!-- validateElementPresent -->
        <test-method status="PASS" signature="validateSignOnNegative()[pri:0, instance:testMercuryToursScripts.testSignOn@7f77e91b]" name="validateSignOnNegative" duration-ms="4238" started-at="2020-05-05T19:02:58Z" depends-on-methods="testMercuryToursScripts.testSignOn.validateElementPresent" finished-at="2020-05-05T19:03:02Z">
          <reporter-output>
            <line>
              <![CDATA[Clear text in the user name textbox]]>
            </line>
            <line>
              <![CDATA[Entering Rechard in the user name textbox]]>
            </line>
            <line>
              <![CDATA[Clear text in the password textbox]]>
            </line>
            <line>
              <![CDATA[Entering mn980 in the password textbox]]>
            </line>
            <line>
              <![CDATA[Click on submit button]]>
            </line>
            <line>
              <![CDATA[Read current url of the page]]>
            </line>
            <line>
              <![CDATA[Then compare the actual url with expected url]]>
            </line>
          </reporter-output>
        </test-method> <!-- validateSignOnNegative -->
        <test-method status="PASS" signature="afterTest()[pri:0, instance:testMercuryToursScripts.testSignOn@7f77e91b]" name="afterTest" is-config="true" duration-ms="1208" started-at="2020-05-05T19:03:02Z" finished-at="2020-05-05T19:03:04Z">
          <reporter-output>
          </reporter-output>
        </test-method> <!-- afterTest -->
      </class> <!-- testMercuryToursScripts.testSignOn -->
    </test> <!-- Default test -->
  </suite> <!-- Default suite -->
</testng-results>
