<?xml version="1.0" encoding="UTF-8"?>
<!-- Generated by org.testng.reporters.JUnitXMLReporter -->
<testsuite hostname="LAPTOP-JUSF2G5B" ignored="0" name="Mercury Tours" tests="3" failures="0" timestamp="05 May 2020 23:01:08 GMT" time="14.13" errors="0">
  <testcase name="validateDataEntry" time="4.984" classname="testMercuryToursScripts.testRegister"/>
  <testcase name="validateUrl" time="0.014" classname="testMercuryToursScripts.testRegister"/>
  <testcase name="validateSubmitButtonPresent" time="0.025" classname="testMercuryToursScripts.testRegister"/>
</testsuite> <!-- Mercury Tours -->
